<?xml version="1.0" encoding="UTF-8"?>
<coverage generated="1645693496794" clover="3.2.0">
  <project timestamp="1645693496794" name="All files">
    <metrics statements="140" coveredstatements="98" conditionals="15" coveredconditionals="3" methods="29" coveredmethods="24" elements="184" coveredelements="125" complexity="0" loc="140" ncloc="140" packages="1" files="2" classes="2"/>
    <file name="local_storage.js" path="F:\Work\rafpepa\microverse\module2\week7\to-do\src\local_storage.js">
      <metrics statements="15" coveredstatements="6" conditionals="11" coveredconditionals="2" methods="4" coveredmethods="3"/>
      <line num="4" count="2" type="stmt"/>
      <line num="5" count="2" type="stmt"/>
      <line num="6" count="0" type="stmt"/>
      <line num="7" count="0" type="stmt"/>
      <line num="8" count="0" type="stmt"/>
      <line num="9" count="0" type="stmt"/>
      <line num="11" count="2" type="stmt"/>
      <line num="30" count="0" type="stmt"/>
      <line num="31" count="0" type="stmt"/>
      <line num="35" count="8" type="stmt"/>
      <line num="39" count="2" type="cond" truecount="1" falsecount="1"/>
      <line num="41" count="0" type="cond" truecount="0" falsecount="2"/>
      <line num="42" count="0" type="stmt"/>
      <line num="44" count="0" type="stmt"/>
      <line num="46" count="2" type="stmt"/>
    </file>
    <file name="task_collection.js" path="F:\Work\rafpepa\microverse\module2\week7\to-do\src\task_collection.js">
      <metrics statements="125" coveredstatements="92" conditionals="4" coveredconditionals="1" methods="25" coveredmethods="21"/>
      <line num="5" count="1" type="stmt"/>
      <line num="8" count="1" type="stmt"/>
      <line num="9" count="1" type="stmt"/>
      <line num="10" count="1" type="cond" truecount="1" falsecount="1"/>
      <line num="13" count="1" type="stmt"/>
      <line num="17" count="5" type="stmt"/>
      <line num="18" count="5" type="stmt"/>
      <line num="19" count="5" type="stmt"/>
      <line num="21" count="5" type="stmt"/>
      <line num="24" count="5" type="stmt"/>
      <line num="25" count="5" type="stmt"/>
      <line num="28" count="5" type="stmt"/>
      <line num="29" count="5" type="stmt"/>
      <line num="30" count="5" type="stmt"/>
      <line num="31" count="5" type="stmt"/>
      <line num="35" count="8" type="stmt"/>
      <line num="36" count="8" type="stmt"/>
      <line num="37" count="0" type="stmt"/>
      <line num="42" count="8" type="stmt"/>
      <line num="43" count="8" type="stmt"/>
      <line num="44" count="0" type="stmt"/>
      <line num="45" count="0" type="stmt"/>
      <line num="46" count="0" type="stmt"/>
      <line num="47" count="0" type="stmt"/>
      <line num="48" count="0" type="stmt"/>
      <line num="49" count="0" type="stmt"/>
      <line num="51" count="8" type="stmt"/>
      <line num="55" count="8" type="stmt"/>
      <line num="56" count="8" type="stmt"/>
      <line num="57" count="0" type="cond" truecount="0" falsecount="2"/>
      <line num="58" count="0" type="stmt"/>
      <line num="59" count="0" type="stmt"/>
      <line num="61" count="0" type="stmt"/>
      <line num="62" count="0" type="stmt"/>
      <line num="63" count="0" type="stmt"/>
      <line num="64" count="0" type="stmt"/>
      <line num="65" count="0" type="stmt"/>
      <line num="66" count="0" type="stmt"/>
      <line num="67" count="0" type="stmt"/>
      <line num="68" count="0" type="stmt"/>
      <line num="69" count="0" type="stmt"/>
      <line num="70" count="0" type="stmt"/>
      <line num="71" count="0" type="stmt"/>
      <line num="72" count="0" type="stmt"/>
      <line num="76" count="0" type="stmt"/>
      <line num="77" count="0" type="stmt"/>
      <line num="78" count="0" type="stmt"/>
      <line num="80" count="0" type="stmt"/>
      <line num="81" count="0" type="stmt"/>
      <line num="82" count="0" type="stmt"/>
      <line num="83" count="0" type="stmt"/>
      <line num="89" count="8" type="stmt"/>
      <line num="90" count="8" type="stmt"/>
      <line num="91" count="0" type="stmt"/>
      <line num="92" count="0" type="stmt"/>
      <line num="93" count="0" type="stmt"/>
      <line num="94" count="0" type="stmt"/>
      <line num="99" count="2" type="stmt"/>
      <line num="103" count="1" type="stmt"/>
      <line num="104" count="2" type="stmt"/>
      <line num="107" count="1" type="stmt"/>
      <line num="108" count="1" type="stmt"/>
      <line num="109" count="1" type="stmt"/>
      <line num="110" count="1" type="stmt"/>
      <line num="111" count="1" type="stmt"/>
      <line num="115" count="3" type="stmt"/>
      <line num="116" count="4" type="stmt"/>
      <line num="117" count="4" type="stmt"/>
      <line num="122" count="43" type="stmt"/>
      <line num="126" count="1" type="stmt"/>
      <line num="130" count="2" type="stmt"/>
      <line num="131" count="2" type="stmt"/>
      <line num="132" count="2" type="stmt"/>
      <line num="133" count="2" type="stmt"/>
      <line num="134" count="3" type="stmt"/>
      <line num="137" count="3" type="stmt"/>
      <line num="138" count="3" type="stmt"/>
      <line num="139" count="3" type="stmt"/>
      <line num="140" count="3" type="stmt"/>
      <line num="145" count="8" type="stmt"/>
      <line num="146" count="8" type="stmt"/>
      <line num="147" count="8" type="stmt"/>
      <line num="148" count="8" type="stmt"/>
      <line num="149" count="8" type="stmt"/>
      <line num="150" count="8" type="stmt"/>
      <line num="151" count="8" type="stmt"/>
      <line num="152" count="8" type="stmt"/>
      <line num="153" count="8" type="stmt"/>
      <line num="154" count="8" type="stmt"/>
      <line num="155" count="8" type="stmt"/>
      <line num="156" count="8" type="stmt"/>
      <line num="158" count="8" type="stmt"/>
      <line num="159" count="8" type="stmt"/>
      <line num="163" count="8" type="stmt"/>
      <line num="164" count="8" type="stmt"/>
      <line num="165" count="8" type="stmt"/>
      <line num="166" count="8" type="stmt"/>
      <line num="167" count="8" type="stmt"/>
      <line num="168" count="8" type="stmt"/>
      <line num="169" count="8" type="stmt"/>
      <line num="170" count="8" type="stmt"/>
      <line num="171" count="8" type="stmt"/>
      <line num="172" count="8" type="stmt"/>
      <line num="173" count="8" type="stmt"/>
      <line num="174" count="8" type="stmt"/>
      <line num="175" count="8" type="stmt"/>
      <line num="176" count="8" type="stmt"/>
      <line num="177" count="8" type="stmt"/>
      <line num="178" count="8" type="stmt"/>
      <line num="179" count="8" type="stmt"/>
      <line num="180" count="8" type="stmt"/>
      <line num="181" count="8" type="stmt"/>
      <line num="182" count="8" type="stmt"/>
      <line num="183" count="8" type="stmt"/>
      <line num="184" count="8" type="stmt"/>
      <line num="185" count="8" type="stmt"/>
      <line num="187" count="8" type="stmt"/>
      <line num="191" count="2" type="stmt"/>
      <line num="195" count="1" type="stmt"/>
      <line num="196" count="1" type="stmt"/>
      <line num="198" count="1" type="stmt"/>
      <line num="199" count="1" type="stmt"/>
      <line num="203" count="4" type="stmt"/>
      <line num="204" count="1" type="stmt"/>
      <line num="205" count="1" type="stmt"/>
    </file>
  </project>
</coverage>
