{"F:\\Work\\rafpepa\\microverse\\module2\\week7\\to-do\\src\\local_storage.js": {"path":"F:\\Work\\rafpepa\\microverse\\module2\\week7\\to-do\\src\\local_storage.js","statementMap":{"0":{"start":{"line":4,"column":2},"end":{"line":26,"column":3}},"1":{"start":{"line":5,"column":4},"end":{"line":5,"column":27}},"2":{"start":{"line":6,"column":14},"end":{"line":6,"column":32}},"3":{"start":{"line":7,"column":4},"end":{"line":7,"column":26}},"4":{"start":{"line":8,"column":4},"end":{"line":8,"column":26}},"5":{"start":{"line":9,"column":4},"end":{"line":9,"column":16}},"6":{"start":{"line":11,"column":4},"end":{"line":25,"column":6}},"7":{"start":{"line":30,"column":19},"end":{"line":30,"column":60}},"8":{"start":{"line":31,"column":2},"end":{"line":31,"column":18}},"9":{"start":{"line":35,"column":2},"end":{"line":35,"column":58}},"10":{"start":{"line":39,"column":2},"end":{"line":45,"column":3}},"11":{"start":{"line":41,"column":4},"end":{"line":43,"column":5}},"12":{"start":{"line":42,"column":6},"end":{"line":42,"column":32}},"13":{"start":{"line":44,"column":4},"end":{"line":44,"column":33}},"14":{"start":{"line":46,"column":2},"end":{"line":46,"column":18}}},"fnMap":{"0":{"name":"storageAvailable","decl":{"start":{"line":2,"column":16},"end":{"line":2,"column":32}},"loc":{"start":{"line":2,"column":39},"end":{"line":27,"column":1}},"line":2},"1":{"name":"getItemsFromStorage","decl":{"start":{"line":29,"column":16},"end":{"line":29,"column":35}},"loc":{"start":{"line":29,"column":38},"end":{"line":32,"column":1}},"line":29},"2":{"name":"populateStorage","decl":{"start":{"line":34,"column":16},"end":{"line":34,"column":31}},"loc":{"start":{"line":34,"column":42},"end":{"line":36,"column":1}},"line":34},"3":{"name":"initializeLocalStorage","decl":{"start":{"line":38,"column":16},"end":{"line":38,"column":38}},"loc":{"start":{"line":38,"column":49},"end":{"line":47,"column":1}},"line":38}},"branchMap":{"0":{"loc":{"start":{"line":12,"column":6},"end":{"line":24,"column":29}},"type":"binary-expr","locations":[{"start":{"line":12,"column":6},"end":{"line":12,"column":31}},{"start":{"line":14,"column":10},"end":{"line":14,"column":23}},{"start":{"line":16,"column":11},"end":{"line":16,"column":26}},{"start":{"line":19,"column":11},"end":{"line":19,"column":42}},{"start":{"line":21,"column":11},"end":{"line":21,"column":50}},{"start":{"line":23,"column":9},"end":{"line":23,"column":16}},{"start":{"line":24,"column":9},"end":{"line":24,"column":29}}],"line":12},"1":{"loc":{"start":{"line":39,"column":2},"end":{"line":45,"column":3}},"type":"if","locations":[{"start":{"line":39,"column":2},"end":{"line":45,"column":3}},{"start":{},"end":{}}],"line":39},"2":{"loc":{"start":{"line":41,"column":4},"end":{"line":43,"column":5}},"type":"if","locations":[{"start":{"line":41,"column":4},"end":{"line":43,"column":5}},{"start":{},"end":{}}],"line":41}},"s":{"0":2,"1":2,"2":0,"3":0,"4":0,"5":0,"6":2,"7":0,"8":0,"9":8,"10":2,"11":0,"12":0,"13":0,"14":2},"f":{"0":2,"1":0,"2":8,"3":2},"b":{"0":[2,0,0,0,0,0,0],"1":[0,2],"2":[0,0]},"_coverageSchema":"1a1c01bbd47fc00a2c39e90264f33305004495a9","hash":"e998b76d4cfd9fed500459d1457d8f458a6cf5d5"}
,"F:\\Work\\rafpepa\\microverse\\module2\\week7\\to-do\\src\\task_collection.js": {"path":"F:\\Work\\rafpepa\\microverse\\module2\\week7\\to-do\\src\\task_collection.js","statementMap":{"0":{"start":{"line":5,"column":19},"end":{"line":5,"column":20}},"1":{"start":{"line":8,"column":4},"end":{"line":8,"column":25}},"2":{"start":{"line":9,"column":4},"end":{"line":9,"column":52}},"3":{"start":{"line":10,"column":21},"end":{"line":12,"column":10}},"4":{"start":{"line":13,"column":4},"end":{"line":13,"column":28}},"5":{"start":{"line":17,"column":16},"end":{"line":17,"column":47}},"6":{"start":{"line":18,"column":20},"end":{"line":18,"column":71}},"7":{"start":{"line":19,"column":4},"end":{"line":19,"column":34}},"8":{"start":{"line":21,"column":4},"end":{"line":21,"column":42}},"9":{"start":{"line":24,"column":15},"end":{"line":24,"column":43}},"10":{"start":{"line":25,"column":4},"end":{"line":25,"column":53}},"11":{"start":{"line":28,"column":4},"end":{"line":28,"column":51}},"12":{"start":{"line":29,"column":4},"end":{"line":29,"column":52}},"13":{"start":{"line":30,"column":4},"end":{"line":30,"column":54}},"14":{"start":{"line":31,"column":4},"end":{"line":31,"column":47}},"15":{"start":{"line":35,"column":22},"end":{"line":35,"column":68}},"16":{"start":{"line":36,"column":4},"end":{"line":38,"column":7}},"17":{"start":{"line":37,"column":6},"end":{"line":37,"column":25}},"18":{"start":{"line":42,"column":20},"end":{"line":42,"column":64}},"19":{"start":{"line":43,"column":4},"end":{"line":50,"column":7}},"20":{"start":{"line":44,"column":23},"end":{"line":44,"column":67}},"21":{"start":{"line":45,"column":6},"end":{"line":45,"column":39}},"22":{"start":{"line":46,"column":20},"end":{"line":46,"column":61}},"23":{"start":{"line":47,"column":6},"end":{"line":47,"column":36}},"24":{"start":{"line":48,"column":24},"end":{"line":48,"column":70}},"25":{"start":{"line":49,"column":6},"end":{"line":49,"column":43}},"26":{"start":{"line":51,"column":4},"end":{"line":51,"column":25}},"27":{"start":{"line":55,"column":22},"end":{"line":55,"column":68}},"28":{"start":{"line":56,"column":4},"end":{"line":85,"column":7}},"29":{"start":{"line":57,"column":6},"end":{"line":84,"column":7}},"30":{"start":{"line":58,"column":8},"end":{"line":58,"column":45}},"31":{"start":{"line":59,"column":8},"end":{"line":59,"column":27}},"32":{"start":{"line":61,"column":25},"end":{"line":61,"column":69}},"33":{"start":{"line":62,"column":8},"end":{"line":62,"column":44}},"34":{"start":{"line":63,"column":22},"end":{"line":63,"column":63}},"35":{"start":{"line":64,"column":8},"end":{"line":64,"column":29}},"36":{"start":{"line":65,"column":8},"end":{"line":65,"column":41}},"37":{"start":{"line":66,"column":23},"end":{"line":66,"column":54}},"38":{"start":{"line":67,"column":8},"end":{"line":67,"column":48}},"39":{"start":{"line":68,"column":8},"end":{"line":68,"column":35}},"40":{"start":{"line":69,"column":8},"end":{"line":69,"column":45}},"41":{"start":{"line":70,"column":8},"end":{"line":70,"column":55}},"42":{"start":{"line":71,"column":8},"end":{"line":71,"column":34}},"43":{"start":{"line":72,"column":8},"end":{"line":75,"column":10}},"44":{"start":{"line":76,"column":8},"end":{"line":76,"column":37}},"45":{"start":{"line":77,"column":26},"end":{"line":77,"column":72}},"46":{"start":{"line":78,"column":8},"end":{"line":78,"column":42}},"47":{"start":{"line":80,"column":8},"end":{"line":80,"column":43}},"48":{"start":{"line":81,"column":8},"end":{"line":81,"column":48}},"49":{"start":{"line":82,"column":8},"end":{"line":82,"column":50}},"50":{"start":{"line":83,"column":8},"end":{"line":83,"column":47}},"51":{"start":{"line":89,"column":24},"end":{"line":89,"column":63}},"52":{"start":{"line":90,"column":4},"end":{"line":95,"column":7}},"53":{"start":{"line":91,"column":6},"end":{"line":91,"column":31}},"54":{"start":{"line":92,"column":6},"end":{"line":92,"column":44}},"55":{"start":{"line":93,"column":30},"end":{"line":93,"column":71}},"56":{"start":{"line":94,"column":6},"end":{"line":94,"column":52}},"57":{"start":{"line":99,"column":4},"end":{"line":99,"column":81}},"58":{"start":{"line":103,"column":4},"end":{"line":105,"column":6}},"59":{"start":{"line":104,"column":16},"end":{"line":104,"column":48}},"60":{"start":{"line":107,"column":21},"end":{"line":107,"column":59}},"61":{"start":{"line":108,"column":4},"end":{"line":108,"column":22}},"62":{"start":{"line":109,"column":4},"end":{"line":109,"column":24}},"63":{"start":{"line":110,"column":4},"end":{"line":110,"column":37}},"64":{"start":{"line":111,"column":4},"end":{"line":111,"column":18}},"65":{"start":{"line":115,"column":4},"end":{"line":118,"column":5}},"66":{"start":{"line":115,"column":19},"end":{"line":115,"column":20}},"67":{"start":{"line":116,"column":19},"end":{"line":116,"column":48}},"68":{"start":{"line":117,"column":6},"end":{"line":117,"column":23}},"69":{"start":{"line":122,"column":4},"end":{"line":122,"column":27}},"70":{"start":{"line":126,"column":4},"end":{"line":126,"column":31}},"71":{"start":{"line":130,"column":15},"end":{"line":130,"column":43}},"72":{"start":{"line":131,"column":4},"end":{"line":131,"column":22}},"73":{"start":{"line":132,"column":4},"end":{"line":132,"column":24}},"74":{"start":{"line":133,"column":4},"end":{"line":141,"column":7}},"75":{"start":{"line":134,"column":6},"end":{"line":134,"column":52}},"76":{"start":{"line":137,"column":6},"end":{"line":137,"column":50}},"77":{"start":{"line":138,"column":6},"end":{"line":138,"column":51}},"78":{"start":{"line":139,"column":6},"end":{"line":139,"column":53}},"79":{"start":{"line":140,"column":6},"end":{"line":140,"column":46}},"80":{"start":{"line":145,"column":21},"end":{"line":145,"column":49}},"81":{"start":{"line":146,"column":4},"end":{"line":146,"column":39}},"82":{"start":{"line":147,"column":4},"end":{"line":147,"column":39}},"83":{"start":{"line":148,"column":4},"end":{"line":148,"column":45}},"84":{"start":{"line":149,"column":18},"end":{"line":149,"column":49}},"85":{"start":{"line":150,"column":4},"end":{"line":150,"column":37}},"86":{"start":{"line":151,"column":4},"end":{"line":151,"column":51}},"87":{"start":{"line":152,"column":19},"end":{"line":152,"column":50}},"88":{"start":{"line":153,"column":4},"end":{"line":153,"column":44}},"89":{"start":{"line":154,"column":4},"end":{"line":154,"column":36}},"90":{"start":{"line":155,"column":4},"end":{"line":155,"column":56}},"91":{"start":{"line":156,"column":4},"end":{"line":156,"column":38}},"92":{"start":{"line":158,"column":4},"end":{"line":158,"column":30}},"93":{"start":{"line":159,"column":4},"end":{"line":162,"column":6}},"94":{"start":{"line":163,"column":4},"end":{"line":163,"column":35}},"95":{"start":{"line":164,"column":4},"end":{"line":164,"column":32}},"96":{"start":{"line":165,"column":21},"end":{"line":165,"column":50}},"97":{"start":{"line":166,"column":4},"end":{"line":166,"column":43}},"98":{"start":{"line":167,"column":4},"end":{"line":167,"column":39}},"99":{"start":{"line":168,"column":22},"end":{"line":168,"column":54}},"100":{"start":{"line":169,"column":4},"end":{"line":169,"column":42}},"101":{"start":{"line":170,"column":4},"end":{"line":170,"column":46}},"102":{"start":{"line":171,"column":4},"end":{"line":171,"column":66}},"103":{"start":{"line":172,"column":4},"end":{"line":172,"column":36}},"104":{"start":{"line":173,"column":20},"end":{"line":173,"column":52}},"105":{"start":{"line":174,"column":4},"end":{"line":174,"column":38}},"106":{"start":{"line":175,"column":4},"end":{"line":175,"column":42}},"107":{"start":{"line":176,"column":4},"end":{"line":176,"column":68}},"108":{"start":{"line":177,"column":4},"end":{"line":177,"column":34}},"109":{"start":{"line":178,"column":22},"end":{"line":178,"column":53}},"110":{"start":{"line":179,"column":4},"end":{"line":179,"column":43}},"111":{"start":{"line":180,"column":4},"end":{"line":180,"column":46}},"112":{"start":{"line":181,"column":4},"end":{"line":181,"column":39}},"113":{"start":{"line":182,"column":4},"end":{"line":182,"column":46}},"114":{"start":{"line":183,"column":4},"end":{"line":183,"column":36}},"115":{"start":{"line":184,"column":4},"end":{"line":184,"column":35}},"116":{"start":{"line":185,"column":4},"end":{"line":185,"column":25}},"117":{"start":{"line":187,"column":4},"end":{"line":187,"column":20}},"118":{"start":{"line":191,"column":4},"end":{"line":191,"column":80}},"119":{"start":{"line":191,"column":44},"end":{"line":191,"column":75}},"120":{"start":{"line":195,"column":16},"end":{"line":197,"column":5}},"121":{"start":{"line":196,"column":16},"end":{"line":196,"column":50}},"122":{"start":{"line":198,"column":4},"end":{"line":198,"column":44}},"123":{"start":{"line":199,"column":4},"end":{"line":199,"column":42}},"124":{"start":{"line":203,"column":4},"end":{"line":203,"column":72}},"125":{"start":{"line":203,"column":55},"end":{"line":203,"column":70}},"126":{"start":{"line":204,"column":4},"end":{"line":204,"column":37}},"127":{"start":{"line":205,"column":4},"end":{"line":205,"column":18}}},"fnMap":{"0":{"name":"(anonymous_0)","decl":{"start":{"line":7,"column":2},"end":{"line":7,"column":3}},"loc":{"start":{"line":7,"column":16},"end":{"line":14,"column":3}},"line":7},"1":{"name":"(anonymous_1)","decl":{"start":{"line":16,"column":2},"end":{"line":16,"column":3}},"loc":{"start":{"line":16,"column":12},"end":{"line":32,"column":3}},"line":16},"2":{"name":"(anonymous_2)","decl":{"start":{"line":34,"column":2},"end":{"line":34,"column":3}},"loc":{"start":{"line":34,"column":36},"end":{"line":39,"column":3}},"line":34},"3":{"name":"(anonymous_3)","decl":{"start":{"line":36,"column":40},"end":{"line":36,"column":41}},"loc":{"start":{"line":36,"column":46},"end":{"line":38,"column":5}},"line":36},"4":{"name":"(anonymous_4)","decl":{"start":{"line":41,"column":2},"end":{"line":41,"column":3}},"loc":{"start":{"line":41,"column":37},"end":{"line":52,"column":3}},"line":41},"5":{"name":"(anonymous_5)","decl":{"start":{"line":43,"column":38},"end":{"line":43,"column":39}},"loc":{"start":{"line":43,"column":44},"end":{"line":50,"column":5}},"line":43},"6":{"name":"(anonymous_6)","decl":{"start":{"line":54,"column":2},"end":{"line":54,"column":3}},"loc":{"start":{"line":54,"column":39},"end":{"line":86,"column":3}},"line":54},"7":{"name":"(anonymous_7)","decl":{"start":{"line":56,"column":43},"end":{"line":56,"column":44}},"loc":{"start":{"line":56,"column":50},"end":{"line":85,"column":5}},"line":56},"8":{"name":"(anonymous_8)","decl":{"start":{"line":88,"column":2},"end":{"line":88,"column":3}},"loc":{"start":{"line":88,"column":32},"end":{"line":96,"column":3}},"line":88},"9":{"name":"(anonymous_9)","decl":{"start":{"line":90,"column":43},"end":{"line":90,"column":44}},"loc":{"start":{"line":90,"column":49},"end":{"line":95,"column":5}},"line":90},"10":{"name":"(anonymous_10)","decl":{"start":{"line":98,"column":2},"end":{"line":98,"column":3}},"loc":{"start":{"line":98,"column":22},"end":{"line":100,"column":3}},"line":98},"11":{"name":"(anonymous_11)","decl":{"start":{"line":102,"column":2},"end":{"line":102,"column":3}},"loc":{"start":{"line":102,"column":14},"end":{"line":112,"column":3}},"line":102},"12":{"name":"(anonymous_12)","decl":{"start":{"line":104,"column":6},"end":{"line":104,"column":7}},"loc":{"start":{"line":104,"column":16},"end":{"line":104,"column":48}},"line":104},"13":{"name":"(anonymous_13)","decl":{"start":{"line":114,"column":2},"end":{"line":114,"column":3}},"loc":{"start":{"line":114,"column":17},"end":{"line":119,"column":3}},"line":114},"14":{"name":"(anonymous_14)","decl":{"start":{"line":121,"column":2},"end":{"line":121,"column":3}},"loc":{"start":{"line":121,"column":18},"end":{"line":123,"column":3}},"line":121},"15":{"name":"(anonymous_15)","decl":{"start":{"line":125,"column":2},"end":{"line":125,"column":3}},"loc":{"start":{"line":125,"column":21},"end":{"line":127,"column":3}},"line":125},"16":{"name":"(anonymous_16)","decl":{"start":{"line":129,"column":2},"end":{"line":129,"column":3}},"loc":{"start":{"line":129,"column":11},"end":{"line":142,"column":3}},"line":129},"17":{"name":"(anonymous_17)","decl":{"start":{"line":133,"column":33},"end":{"line":133,"column":34}},"loc":{"start":{"line":133,"column":43},"end":{"line":141,"column":5}},"line":133},"18":{"name":"(anonymous_18)","decl":{"start":{"line":144,"column":2},"end":{"line":144,"column":3}},"loc":{"start":{"line":144,"column":27},"end":{"line":188,"column":3}},"line":144},"19":{"name":"(anonymous_19)","decl":{"start":{"line":190,"column":2},"end":{"line":190,"column":3}},"loc":{"start":{"line":190,"column":14},"end":{"line":192,"column":3}},"line":190},"20":{"name":"(anonymous_20)","decl":{"start":{"line":191,"column":34},"end":{"line":191,"column":35}},"loc":{"start":{"line":191,"column":44},"end":{"line":191,"column":75}},"line":191},"21":{"name":"(anonymous_21)","decl":{"start":{"line":194,"column":2},"end":{"line":194,"column":3}},"loc":{"start":{"line":194,"column":24},"end":{"line":200,"column":3}},"line":194},"22":{"name":"(anonymous_22)","decl":{"start":{"line":196,"column":6},"end":{"line":196,"column":7}},"loc":{"start":{"line":196,"column":16},"end":{"line":196,"column":50}},"line":196},"23":{"name":"(anonymous_23)","decl":{"start":{"line":202,"column":2},"end":{"line":202,"column":3}},"loc":{"start":{"line":202,"column":13},"end":{"line":206,"column":3}},"line":202},"24":{"name":"(anonymous_24)","decl":{"start":{"line":203,"column":45},"end":{"line":203,"column":46}},"loc":{"start":{"line":203,"column":55},"end":{"line":203,"column":70}},"line":203}},"branchMap":{"0":{"loc":{"start":{"line":10,"column":21},"end":{"line":12,"column":10}},"type":"cond-expr","locations":[{"start":{"line":11,"column":8},"end":{"line":11,"column":47}},{"start":{"line":12,"column":8},"end":{"line":12,"column":10}}],"line":10},"1":{"loc":{"start":{"line":57,"column":6},"end":{"line":84,"column":7}},"type":"if","locations":[{"start":{"line":57,"column":6},"end":{"line":84,"column":7}},{"start":{},"end":{}}],"line":57}},"s":{"0":1,"1":1,"2":1,"3":1,"4":1,"5":5,"6":5,"7":5,"8":5,"9":5,"10":5,"11":5,"12":5,"13":5,"14":5,"15":8,"16":8,"17":0,"18":8,"19":8,"20":0,"21":0,"22":0,"23":0,"24":0,"25":0,"26":8,"27":8,"28":8,"29":0,"30":0,"31":0,"32":0,"33":0,"34":0,"35":0,"36":0,"37":0,"38":0,"39":0,"40":0,"41":0,"42":0,"43":0,"44":0,"45":0,"46":0,"47":0,"48":0,"49":0,"50":0,"51":8,"52":8,"53":0,"54":0,"55":0,"56":0,"57":2,"58":1,"59":2,"60":1,"61":1,"62":1,"63":1,"64":1,"65":3,"66":3,"67":4,"68":4,"69":43,"70":1,"71":2,"72":2,"73":2,"74":2,"75":3,"76":3,"77":3,"78":3,"79":3,"80":8,"81":8,"82":8,"83":8,"84":8,"85":8,"86":8,"87":8,"88":8,"89":8,"90":8,"91":8,"92":8,"93":8,"94":8,"95":8,"96":8,"97":8,"98":8,"99":8,"100":8,"101":8,"102":8,"103":8,"104":8,"105":8,"106":8,"107":8,"108":8,"109":8,"110":8,"111":8,"112":8,"113":8,"114":8,"115":8,"116":8,"117":8,"118":2,"119":2,"120":1,"121":1,"122":1,"123":1,"124":1,"125":4,"126":1,"127":1},"f":{"0":1,"1":5,"2":8,"3":0,"4":8,"5":0,"6":8,"7":0,"8":8,"9":0,"10":2,"11":1,"12":2,"13":3,"14":43,"15":1,"16":2,"17":3,"18":8,"19":2,"20":2,"21":1,"22":1,"23":1,"24":4},"b":{"0":[1,0],"1":[0,0]},"_coverageSchema":"1a1c01bbd47fc00a2c39e90264f33305004495a9","hash":"4b046ef832d05f75b9de655c205653df9bd7f759"}
}
