TN:
SF:src\local_storage.js
FN:2,storageAvailable
FN:29,getItemsFromStorage
FN:34,populateStorage
FN:38,initializeLocalStorage
FNF:4
FNH:3
FNDA:2,storageAvailable
FNDA:0,getItemsFromStorage
FNDA:8,populateStorage
FNDA:2,initializeLocalStorage
DA:4,2
DA:5,2
DA:6,0
DA:7,0
DA:8,0
DA:9,0
DA:11,2
DA:30,0
DA:31,0
DA:35,8
DA:39,2
DA:41,0
DA:42,0
DA:44,0
DA:46,2
LF:15
LH:6
BRDA:12,0,0,2
BRDA:12,0,1,0
BRDA:12,0,2,0
BRDA:12,0,3,0
BRDA:12,0,4,0
BRDA:12,0,5,0
BRDA:12,0,6,0
BRDA:39,1,0,0
BRDA:39,1,1,2
BRDA:41,2,0,0
BRDA:41,2,1,0
BRF:11
BRH:2
end_of_record
TN:
SF:src\task_collection.js
FN:7,(anonymous_0)
FN:16,(anonymous_1)
FN:34,(anonymous_2)
FN:36,(anonymous_3)
FN:41,(anonymous_4)
FN:43,(anonymous_5)
FN:54,(anonymous_6)
FN:56,(anonymous_7)
FN:88,(anonymous_8)
FN:90,(anonymous_9)
FN:98,(anonymous_10)
FN:102,(anonymous_11)
FN:104,(anonymous_12)
FN:114,(anonymous_13)
FN:121,(anonymous_14)
FN:125,(anonymous_15)
FN:129,(anonymous_16)
FN:133,(anonymous_17)
FN:144,(anonymous_18)
FN:190,(anonymous_19)
FN:191,(anonymous_20)
FN:194,(anonymous_21)
FN:196,(anonymous_22)
FN:202,(anonymous_23)
FN:203,(anonymous_24)
FNF:25
FNH:21
FNDA:1,(anonymous_0)
FNDA:5,(anonymous_1)
FNDA:8,(anonymous_2)
FNDA:0,(anonymous_3)
FNDA:8,(anonymous_4)
FNDA:0,(anonymous_5)
FNDA:8,(anonymous_6)
FNDA:0,(anonymous_7)
FNDA:8,(anonymous_8)
FNDA:0,(anonymous_9)
FNDA:2,(anonymous_10)
FNDA:1,(anonymous_11)
FNDA:2,(anonymous_12)
FNDA:3,(anonymous_13)
FNDA:43,(anonymous_14)
FNDA:1,(anonymous_15)
FNDA:2,(anonymous_16)
FNDA:3,(anonymous_17)
FNDA:8,(anonymous_18)
FNDA:2,(anonymous_19)
FNDA:2,(anonymous_20)
FNDA:1,(anonymous_21)
FNDA:1,(anonymous_22)
FNDA:1,(anonymous_23)
FNDA:4,(anonymous_24)
DA:5,1
DA:8,1
DA:9,1
DA:10,1
DA:13,1
DA:17,5
DA:18,5
DA:19,5
DA:21,5
DA:24,5
DA:25,5
DA:28,5
DA:29,5
DA:30,5
DA:31,5
DA:35,8
DA:36,8
DA:37,0
DA:42,8
DA:43,8
DA:44,0
DA:45,0
DA:46,0
DA:47,0
DA:48,0
DA:49,0
DA:51,8
DA:55,8
DA:56,8
DA:57,0
DA:58,0
DA:59,0
DA:61,0
DA:62,0
DA:63,0
DA:64,0
DA:65,0
DA:66,0
DA:67,0
DA:68,0
DA:69,0
DA:70,0
DA:71,0
DA:72,0
DA:76,0
DA:77,0
DA:78,0
DA:80,0
DA:81,0
DA:82,0
DA:83,0
DA:89,8
DA:90,8
DA:91,0
DA:92,0
DA:93,0
DA:94,0
DA:99,2
DA:103,1
DA:104,2
DA:107,1
DA:108,1
DA:109,1
DA:110,1
DA:111,1
DA:115,3
DA:116,4
DA:117,4
DA:122,43
DA:126,1
DA:130,2
DA:131,2
DA:132,2
DA:133,2
DA:134,3
DA:137,3
DA:138,3
DA:139,3
DA:140,3
DA:145,8
DA:146,8
DA:147,8
DA:148,8
DA:149,8
DA:150,8
DA:151,8
DA:152,8
DA:153,8
DA:154,8
DA:155,8
DA:156,8
DA:158,8
DA:159,8
DA:163,8
DA:164,8
DA:165,8
DA:166,8
DA:167,8
DA:168,8
DA:169,8
DA:170,8
DA:171,8
DA:172,8
DA:173,8
DA:174,8
DA:175,8
DA:176,8
DA:177,8
DA:178,8
DA:179,8
DA:180,8
DA:181,8
DA:182,8
DA:183,8
DA:184,8
DA:185,8
DA:187,8
DA:191,2
DA:195,1
DA:196,1
DA:198,1
DA:199,1
DA:203,4
DA:204,1
DA:205,1
LF:125
LH:92
BRDA:10,0,0,1
BRDA:10,0,1,0
BRDA:57,1,0,0
BRDA:57,1,1,0
BRF:4
BRH:1
end_of_record
